[02Jan2025 00:01:52.714] [Server thread/INFO] [net.minecraft.world.entity.npc.Villager/]: Villager Villager['Fletcher'/71900, l='ServerLevel[world]', x=1471.97, y=63.00, z=-408.03] died, message: 'Fletcher was slain by Ivanrm04'
[02Jan2025 00:02:51.793] [Server thread/INFO] [net.blay09.mods.netherportalfix.NetherPortalFix/]: No return portal found
[02Jan2025 00:02:52.302] [Worker-Main-1/WARN] [net.minecraft.world.level.levelgen.heightproviders.UniformHeight/]: Empty height range: [6 above bottom--1 absolute]
[02Jan2025 00:02:52.303] [Worker-Main-1/WARN] [net.minecraft.world.level.levelgen.heightproviders.UniformHeight/]: Empty height range: [6 above bottom--1 absolute]
[02Jan2025 00:02:52.303] [Worker-Main-1/WARN] [net.minecraft.world.level.levelgen.heightproviders.UniformHeight/]: Empty height range: [6 above bottom--1 absolute]
[02Jan2025 00:02:53.803] [Server thread/INFO] [net.minecraft.server.MinecraftServer/]: xItzDani has made the advancement [We Need to Go Deeper]
[02Jan2025 00:02:54.847] [Server thread/WARN] [net.minecraft.server.MinecraftServer/]: Can't keep up! Is the server overloaded? Running 3023ms or 60 ticks behind
[02Jan2025 00:04:30.694] [Server thread/INFO] [net.minecraft.server.MinecraftServer/]: xItzDani fell from a high place
[02Jan2025 00:04:30.699] [Server thread/INFO] [com.tiviacz.travelersbackpack.TravelersBackpack/]: Created new backpack backup file for xItzDani with unique ID travelersbackpack.iron_02.01.2025-00.04.30.dat
[02Jan2025 00:04:37.023] [Server thread/INFO] [net.minecraft.server.MinecraftServer/]: Ivanrm04 has made the advancement [The Secrets of Enchanting]
[02Jan2025 00:04:48.838] [Server thread/INFO] [net.blay09.mods.netherportalfix.NetherPortalFix/]: No return portal found
[02Jan2025 00:05:19.141] [Server thread/INFO] [net.minecraft.server.MinecraftServer/]: xItzDani tried to swim in lava to escape Hoglin
[02Jan2025 00:05:19.315] [Server thread/INFO] [net.minecraft.server.MinecraftServer/]: Ivanrm04 has made the advancement [Local Librarian]
[02Jan2025 00:05:33.938] [Server thread/INFO] [net.blay09.mods.netherportalfix.NetherPortalFix/]: No return portal found
[02Jan2025 00:06:28.159] [Server thread/INFO] [net.minecraft.server.MinecraftServer/]: Ivanrm04 has made the advancement [Enchanter]
[02Jan2025 00:09:35.194] [Server thread/INFO] [net.blay09.mods.netherportalfix.NetherPortalFix/]: No return portal found
[02Jan2025 00:09:35.237] [Server thread/INFO] [net.minecraft.server.MinecraftServer/]: Ivanrm04 has made the advancement [We Need to Go Deeper]
[02Jan2025 00:10:33.684] [Server thread/INFO] [net.minecraft.server.MinecraftServer/]: xItzDani has made the advancement [A Terrible Fortress]
[02Jan2025 00:10:52.282] [Server thread/INFO] [net.minecraft.server.MinecraftServer/]: Ivanrm04 has made the advancement [A Terrible Fortress]
[02Jan2025 00:11:24.535] [Server thread/INFO] [net.minecraft.server.MinecraftServer/]: xItzDani has made the advancement [Into Fire]
[02Jan2025 00:11:44.433] [Server thread/INFO] [net.minecraft.server.MinecraftServer/]: xItzDani has made the advancement [Spooky Scary Skeleton]
[02Jan2025 00:12:10.233] [Server thread/INFO] [net.minecraft.server.MinecraftServer/]: Ivanrm04 has made the advancement [Into Fire]
